<!DOCTYPE html>
<html>
<head>
<meta http-equiv="Content-Type" content="text/html; charset=utf-8"/>
<meta http-equiv="x-ua-compatible" content="IE=edge"/>
<title>Test results - Class cn.s_c.data.order.OrderDataServiceImplTest</title>
<link href="../css/base-style.css" rel="stylesheet" type="text/css"/>
<link href="../css/style.css" rel="stylesheet" type="text/css"/>
<script src="../js/report.js" type="text/javascript"></script>
</head>
<body>
<div id="content">
<h1>Class cn.s_c.data.order.OrderDataServiceImplTest</h1>
<div class="breadcrumbs">
<a href="../index.html">all</a> &gt; 
<a href="../packages/cn.s_c.data.order.html">cn.s_c.data.order</a> &gt; OrderDataServiceImplTest</div>
<div id="summary">
<table>
<tr>
<td>
<div class="summaryGroup">
<table>
<tr>
<td>
<div class="infoBox" id="tests">
<div class="counter">4</div>
<p>tests</p>
</div>
</td>
<td>
<div class="infoBox" id="failures">
<div class="counter">3</div>
<p>failures</p>
</div>
</td>
<td>
<div class="infoBox" id="ignored">
<div class="counter">0</div>
<p>ignored</p>
</div>
</td>
<td>
<div class="infoBox" id="duration">
<div class="counter">0.414s</div>
<p>duration</p>
</div>
</td>
</tr>
</table>
</div>
</td>
<td>
<div class="infoBox failures" id="successRate">
<div class="percent">25%</div>
<p>successful</p>
</div>
</td>
</tr>
</table>
</div>
<div id="tabs">
<ul class="tabLinks">
<li>
<a href="#tab0">Failed tests</a>
</li>
<li>
<a href="#tab1">Tests</a>
</li>
<li>
<a href="#tab2">Standard output</a>
</li>
</ul>
<div id="tab0" class="tab">
<h2>Failed tests</h2>
<div class="test">
<a name="commonConfirmOrder"></a>
<h3 class="failures">commonConfirmOrder</h3>
<span class="code">
<pre>java.lang.AssertionError: expected:&lt;false&gt; but was:&lt;true&gt;
	at org.junit.Assert.fail(Assert.java:88)
	at org.junit.Assert.failNotEquals(Assert.java:834)
	at org.junit.Assert.assertEquals(Assert.java:118)
	at org.junit.Assert.assertEquals(Assert.java:144)
	at cn.s_c.data.order.OrderDataServiceImplTest.commonConfirmOrder(OrderDataServiceImplTest.java:74)
	at sun.reflect.NativeMethodAccessorImpl.invoke0(Native Method)
	at sun.reflect.NativeMethodAccessorImpl.invoke(NativeMethodAccessorImpl.java:62)
	at sun.reflect.DelegatingMethodAccessorImpl.invoke(DelegatingMethodAccessorImpl.java:43)
	at java.lang.reflect.Method.invoke(Method.java:498)
	at org.junit.runners.model.FrameworkMethod$1.runReflectiveCall(FrameworkMethod.java:50)
	at org.junit.internal.runners.model.ReflectiveCallable.run(ReflectiveCallable.java:12)
	at org.junit.runners.model.FrameworkMethod.invokeExplosively(FrameworkMethod.java:47)
	at org.junit.internal.runners.statements.InvokeMethod.evaluate(InvokeMethod.java:17)
	at org.junit.internal.runners.statements.RunBefores.evaluate(RunBefores.java:26)
	at org.springframework.test.context.junit4.statements.RunBeforeTestMethodCallbacks.evaluate(RunBeforeTestMethodCallbacks.java:75)
	at org.junit.internal.runners.statements.RunAfters.evaluate(RunAfters.java:27)
	at org.springframework.test.context.junit4.statements.RunAfterTestMethodCallbacks.evaluate(RunAfterTestMethodCallbacks.java:86)
	at org.springframework.test.context.junit4.statements.SpringRepeat.evaluate(SpringRepeat.java:84)
	at org.junit.runners.ParentRunner.runLeaf(ParentRunner.java:325)
	at org.springframework.test.context.junit4.SpringJUnit4ClassRunner.runChild(SpringJUnit4ClassRunner.java:252)
	at org.springframework.test.context.junit4.SpringJUnit4ClassRunner.runChild(SpringJUnit4ClassRunner.java:94)
	at org.junit.runners.ParentRunner$3.run(ParentRunner.java:290)
	at org.junit.runners.ParentRunner$1.schedule(ParentRunner.java:71)
	at org.junit.runners.ParentRunner.runChildren(ParentRunner.java:288)
	at org.junit.runners.ParentRunner.access$000(ParentRunner.java:58)
	at org.junit.runners.ParentRunner$2.evaluate(ParentRunner.java:268)
	at org.springframework.test.context.junit4.statements.RunBeforeTestClassCallbacks.evaluate(RunBeforeTestClassCallbacks.java:61)
	at org.springframework.test.context.junit4.statements.RunAfterTestClassCallbacks.evaluate(RunAfterTestClassCallbacks.java:70)
	at org.junit.runners.ParentRunner.run(ParentRunner.java:363)
	at org.springframework.test.context.junit4.SpringJUnit4ClassRunner.run(SpringJUnit4ClassRunner.java:191)
	at org.gradle.api.internal.tasks.testing.junit.JUnitTestClassExecuter.runTestClass(JUnitTestClassExecuter.java:114)
	at org.gradle.api.internal.tasks.testing.junit.JUnitTestClassExecuter.execute(JUnitTestClassExecuter.java:57)
	at org.gradle.api.internal.tasks.testing.junit.JUnitTestClassProcessor.processTestClass(JUnitTestClassProcessor.java:66)
	at org.gradle.api.internal.tasks.testing.SuiteTestClassProcessor.processTestClass(SuiteTestClassProcessor.java:51)
	at sun.reflect.NativeMethodAccessorImpl.invoke0(Native Method)
	at sun.reflect.NativeMethodAccessorImpl.invoke(NativeMethodAccessorImpl.java:62)
	at sun.reflect.DelegatingMethodAccessorImpl.invoke(DelegatingMethodAccessorImpl.java:43)
	at java.lang.reflect.Method.invoke(Method.java:498)
	at org.gradle.internal.dispatch.ReflectionDispatch.dispatch(ReflectionDispatch.java:35)
	at org.gradle.internal.dispatch.ReflectionDispatch.dispatch(ReflectionDispatch.java:24)
	at org.gradle.internal.dispatch.ContextClassLoaderDispatch.dispatch(ContextClassLoaderDispatch.java:32)
	at org.gradle.internal.dispatch.ProxyDispatchAdapter$DispatchingInvocationHandler.invoke(ProxyDispatchAdapter.java:93)
	at com.sun.proxy.$Proxy1.processTestClass(Unknown Source)
	at org.gradle.api.internal.tasks.testing.worker.TestWorker.processTestClass(TestWorker.java:109)
	at sun.reflect.NativeMethodAccessorImpl.invoke0(Native Method)
	at sun.reflect.NativeMethodAccessorImpl.invoke(NativeMethodAccessorImpl.java:62)
	at sun.reflect.DelegatingMethodAccessorImpl.invoke(DelegatingMethodAccessorImpl.java:43)
	at java.lang.reflect.Method.invoke(Method.java:498)
	at org.gradle.internal.dispatch.ReflectionDispatch.dispatch(ReflectionDispatch.java:35)
	at org.gradle.internal.dispatch.ReflectionDispatch.dispatch(ReflectionDispatch.java:24)
	at org.gradle.internal.remote.internal.hub.MessageHubBackedObjectConnection$DispatchWrapper.dispatch(MessageHubBackedObjectConnection.java:146)
	at org.gradle.internal.remote.internal.hub.MessageHubBackedObjectConnection$DispatchWrapper.dispatch(MessageHubBackedObjectConnection.java:128)
	at org.gradle.internal.remote.internal.hub.MessageHub$Handler.run(MessageHub.java:404)
	at org.gradle.internal.concurrent.ExecutorPolicy$CatchAndRecordFailures.onExecute(ExecutorPolicy.java:63)
	at org.gradle.internal.concurrent.StoppableExecutorImpl$1.run(StoppableExecutorImpl.java:46)
	at java.util.concurrent.ThreadPoolExecutor.runWorker(ThreadPoolExecutor.java:1149)
	at java.util.concurrent.ThreadPoolExecutor$Worker.run(ThreadPoolExecutor.java:624)
	at org.gradle.internal.concurrent.ThreadFactoryImpl$ManagedThreadRunnable.run(ThreadFactoryImpl.java:55)
	at java.lang.Thread.run(Thread.java:748)
</pre>
</span>
</div>
<div class="test">
<a name="noOrderTest"></a>
<h3 class="failures">noOrderTest</h3>
<span class="code">
<pre>java.lang.AssertionError: expected:&lt;false&gt; but was:&lt;true&gt;
	at org.junit.Assert.fail(Assert.java:88)
	at org.junit.Assert.failNotEquals(Assert.java:834)
	at org.junit.Assert.assertEquals(Assert.java:118)
	at org.junit.Assert.assertEquals(Assert.java:144)
	at cn.s_c.data.order.OrderDataServiceImplTest.noOrderTest(OrderDataServiceImplTest.java:62)
	at sun.reflect.NativeMethodAccessorImpl.invoke0(Native Method)
	at sun.reflect.NativeMethodAccessorImpl.invoke(NativeMethodAccessorImpl.java:62)
	at sun.reflect.DelegatingMethodAccessorImpl.invoke(DelegatingMethodAccessorImpl.java:43)
	at java.lang.reflect.Method.invoke(Method.java:498)
	at org.junit.runners.model.FrameworkMethod$1.runReflectiveCall(FrameworkMethod.java:50)
	at org.junit.internal.runners.model.ReflectiveCallable.run(ReflectiveCallable.java:12)
	at org.junit.runners.model.FrameworkMethod.invokeExplosively(FrameworkMethod.java:47)
	at org.junit.internal.runners.statements.InvokeMethod.evaluate(InvokeMethod.java:17)
	at org.junit.internal.runners.statements.RunBefores.evaluate(RunBefores.java:26)
	at org.springframework.test.context.junit4.statements.RunBeforeTestMethodCallbacks.evaluate(RunBeforeTestMethodCallbacks.java:75)
	at org.junit.internal.runners.statements.RunAfters.evaluate(RunAfters.java:27)
	at org.springframework.test.context.junit4.statements.RunAfterTestMethodCallbacks.evaluate(RunAfterTestMethodCallbacks.java:86)
	at org.springframework.test.context.junit4.statements.SpringRepeat.evaluate(SpringRepeat.java:84)
	at org.junit.runners.ParentRunner.runLeaf(ParentRunner.java:325)
	at org.springframework.test.context.junit4.SpringJUnit4ClassRunner.runChild(SpringJUnit4ClassRunner.java:252)
	at org.springframework.test.context.junit4.SpringJUnit4ClassRunner.runChild(SpringJUnit4ClassRunner.java:94)
	at org.junit.runners.ParentRunner$3.run(ParentRunner.java:290)
	at org.junit.runners.ParentRunner$1.schedule(ParentRunner.java:71)
	at org.junit.runners.ParentRunner.runChildren(ParentRunner.java:288)
	at org.junit.runners.ParentRunner.access$000(ParentRunner.java:58)
	at org.junit.runners.ParentRunner$2.evaluate(ParentRunner.java:268)
	at org.springframework.test.context.junit4.statements.RunBeforeTestClassCallbacks.evaluate(RunBeforeTestClassCallbacks.java:61)
	at org.springframework.test.context.junit4.statements.RunAfterTestClassCallbacks.evaluate(RunAfterTestClassCallbacks.java:70)
	at org.junit.runners.ParentRunner.run(ParentRunner.java:363)
	at org.springframework.test.context.junit4.SpringJUnit4ClassRunner.run(SpringJUnit4ClassRunner.java:191)
	at org.gradle.api.internal.tasks.testing.junit.JUnitTestClassExecuter.runTestClass(JUnitTestClassExecuter.java:114)
	at org.gradle.api.internal.tasks.testing.junit.JUnitTestClassExecuter.execute(JUnitTestClassExecuter.java:57)
	at org.gradle.api.internal.tasks.testing.junit.JUnitTestClassProcessor.processTestClass(JUnitTestClassProcessor.java:66)
	at org.gradle.api.internal.tasks.testing.SuiteTestClassProcessor.processTestClass(SuiteTestClassProcessor.java:51)
	at sun.reflect.NativeMethodAccessorImpl.invoke0(Native Method)
	at sun.reflect.NativeMethodAccessorImpl.invoke(NativeMethodAccessorImpl.java:62)
	at sun.reflect.DelegatingMethodAccessorImpl.invoke(DelegatingMethodAccessorImpl.java:43)
	at java.lang.reflect.Method.invoke(Method.java:498)
	at org.gradle.internal.dispatch.ReflectionDispatch.dispatch(ReflectionDispatch.java:35)
	at org.gradle.internal.dispatch.ReflectionDispatch.dispatch(ReflectionDispatch.java:24)
	at org.gradle.internal.dispatch.ContextClassLoaderDispatch.dispatch(ContextClassLoaderDispatch.java:32)
	at org.gradle.internal.dispatch.ProxyDispatchAdapter$DispatchingInvocationHandler.invoke(ProxyDispatchAdapter.java:93)
	at com.sun.proxy.$Proxy1.processTestClass(Unknown Source)
	at org.gradle.api.internal.tasks.testing.worker.TestWorker.processTestClass(TestWorker.java:109)
	at sun.reflect.NativeMethodAccessorImpl.invoke0(Native Method)
	at sun.reflect.NativeMethodAccessorImpl.invoke(NativeMethodAccessorImpl.java:62)
	at sun.reflect.DelegatingMethodAccessorImpl.invoke(DelegatingMethodAccessorImpl.java:43)
	at java.lang.reflect.Method.invoke(Method.java:498)
	at org.gradle.internal.dispatch.ReflectionDispatch.dispatch(ReflectionDispatch.java:35)
	at org.gradle.internal.dispatch.ReflectionDispatch.dispatch(ReflectionDispatch.java:24)
	at org.gradle.internal.remote.internal.hub.MessageHubBackedObjectConnection$DispatchWrapper.dispatch(MessageHubBackedObjectConnection.java:146)
	at org.gradle.internal.remote.internal.hub.MessageHubBackedObjectConnection$DispatchWrapper.dispatch(MessageHubBackedObjectConnection.java:128)
	at org.gradle.internal.remote.internal.hub.MessageHub$Handler.run(MessageHub.java:404)
	at org.gradle.internal.concurrent.ExecutorPolicy$CatchAndRecordFailures.onExecute(ExecutorPolicy.java:63)
	at org.gradle.internal.concurrent.StoppableExecutorImpl$1.run(StoppableExecutorImpl.java:46)
	at java.util.concurrent.ThreadPoolExecutor.runWorker(ThreadPoolExecutor.java:1149)
	at java.util.concurrent.ThreadPoolExecutor$Worker.run(ThreadPoolExecutor.java:624)
	at org.gradle.internal.concurrent.ThreadFactoryImpl$ManagedThreadRunnable.run(ThreadFactoryImpl.java:55)
	at java.lang.Thread.run(Thread.java:748)
</pre>
</span>
</div>
<div class="test">
<a name="originSaveAndDelete"></a>
<h3 class="failures">originSaveAndDelete</h3>
<span class="code">
<pre>java.lang.IndexOutOfBoundsException: Index: 0, Size: 0
	at java.util.ArrayList.rangeCheck(ArrayList.java:657)
	at java.util.ArrayList.get(ArrayList.java:433)
	at cn.s_c.data.order.OrderDataServiceImplTest.originSaveAndDelete(OrderDataServiceImplTest.java:45)
	at sun.reflect.NativeMethodAccessorImpl.invoke0(Native Method)
	at sun.reflect.NativeMethodAccessorImpl.invoke(NativeMethodAccessorImpl.java:62)
	at sun.reflect.DelegatingMethodAccessorImpl.invoke(DelegatingMethodAccessorImpl.java:43)
	at java.lang.reflect.Method.invoke(Method.java:498)
	at org.junit.runners.model.FrameworkMethod$1.runReflectiveCall(FrameworkMethod.java:50)
	at org.junit.internal.runners.model.ReflectiveCallable.run(ReflectiveCallable.java:12)
	at org.junit.runners.model.FrameworkMethod.invokeExplosively(FrameworkMethod.java:47)
	at org.junit.internal.runners.statements.InvokeMethod.evaluate(InvokeMethod.java:17)
	at org.junit.internal.runners.statements.RunBefores.evaluate(RunBefores.java:26)
	at org.springframework.test.context.junit4.statements.RunBeforeTestMethodCallbacks.evaluate(RunBeforeTestMethodCallbacks.java:75)
	at org.junit.internal.runners.statements.RunAfters.evaluate(RunAfters.java:27)
	at org.springframework.test.context.junit4.statements.RunAfterTestMethodCallbacks.evaluate(RunAfterTestMethodCallbacks.java:86)
	at org.springframework.test.context.junit4.statements.SpringRepeat.evaluate(SpringRepeat.java:84)
	at org.junit.runners.ParentRunner.runLeaf(ParentRunner.java:325)
	at org.springframework.test.context.junit4.SpringJUnit4ClassRunner.runChild(SpringJUnit4ClassRunner.java:252)
	at org.springframework.test.context.junit4.SpringJUnit4ClassRunner.runChild(SpringJUnit4ClassRunner.java:94)
	at org.junit.runners.ParentRunner$3.run(ParentRunner.java:290)
	at org.junit.runners.ParentRunner$1.schedule(ParentRunner.java:71)
	at org.junit.runners.ParentRunner.runChildren(ParentRunner.java:288)
	at org.junit.runners.ParentRunner.access$000(ParentRunner.java:58)
	at org.junit.runners.ParentRunner$2.evaluate(ParentRunner.java:268)
	at org.springframework.test.context.junit4.statements.RunBeforeTestClassCallbacks.evaluate(RunBeforeTestClassCallbacks.java:61)
	at org.springframework.test.context.junit4.statements.RunAfterTestClassCallbacks.evaluate(RunAfterTestClassCallbacks.java:70)
	at org.junit.runners.ParentRunner.run(ParentRunner.java:363)
	at org.springframework.test.context.junit4.SpringJUnit4ClassRunner.run(SpringJUnit4ClassRunner.java:191)
	at org.gradle.api.internal.tasks.testing.junit.JUnitTestClassExecuter.runTestClass(JUnitTestClassExecuter.java:114)
	at org.gradle.api.internal.tasks.testing.junit.JUnitTestClassExecuter.execute(JUnitTestClassExecuter.java:57)
	at org.gradle.api.internal.tasks.testing.junit.JUnitTestClassProcessor.processTestClass(JUnitTestClassProcessor.java:66)
	at org.gradle.api.internal.tasks.testing.SuiteTestClassProcessor.processTestClass(SuiteTestClassProcessor.java:51)
	at sun.reflect.NativeMethodAccessorImpl.invoke0(Native Method)
	at sun.reflect.NativeMethodAccessorImpl.invoke(NativeMethodAccessorImpl.java:62)
	at sun.reflect.DelegatingMethodAccessorImpl.invoke(DelegatingMethodAccessorImpl.java:43)
	at java.lang.reflect.Method.invoke(Method.java:498)
	at org.gradle.internal.dispatch.ReflectionDispatch.dispatch(ReflectionDispatch.java:35)
	at org.gradle.internal.dispatch.ReflectionDispatch.dispatch(ReflectionDispatch.java:24)
	at org.gradle.internal.dispatch.ContextClassLoaderDispatch.dispatch(ContextClassLoaderDispatch.java:32)
	at org.gradle.internal.dispatch.ProxyDispatchAdapter$DispatchingInvocationHandler.invoke(ProxyDispatchAdapter.java:93)
	at com.sun.proxy.$Proxy1.processTestClass(Unknown Source)
	at org.gradle.api.internal.tasks.testing.worker.TestWorker.processTestClass(TestWorker.java:109)
	at sun.reflect.NativeMethodAccessorImpl.invoke0(Native Method)
	at sun.reflect.NativeMethodAccessorImpl.invoke(NativeMethodAccessorImpl.java:62)
	at sun.reflect.DelegatingMethodAccessorImpl.invoke(DelegatingMethodAccessorImpl.java:43)
	at java.lang.reflect.Method.invoke(Method.java:498)
	at org.gradle.internal.dispatch.ReflectionDispatch.dispatch(ReflectionDispatch.java:35)
	at org.gradle.internal.dispatch.ReflectionDispatch.dispatch(ReflectionDispatch.java:24)
	at org.gradle.internal.remote.internal.hub.MessageHubBackedObjectConnection$DispatchWrapper.dispatch(MessageHubBackedObjectConnection.java:146)
	at org.gradle.internal.remote.internal.hub.MessageHubBackedObjectConnection$DispatchWrapper.dispatch(MessageHubBackedObjectConnection.java:128)
	at org.gradle.internal.remote.internal.hub.MessageHub$Handler.run(MessageHub.java:404)
	at org.gradle.internal.concurrent.ExecutorPolicy$CatchAndRecordFailures.onExecute(ExecutorPolicy.java:63)
	at org.gradle.internal.concurrent.StoppableExecutorImpl$1.run(StoppableExecutorImpl.java:46)
	at java.util.concurrent.ThreadPoolExecutor.runWorker(ThreadPoolExecutor.java:1149)
	at java.util.concurrent.ThreadPoolExecutor$Worker.run(ThreadPoolExecutor.java:624)
	at org.gradle.internal.concurrent.ThreadFactoryImpl$ManagedThreadRunnable.run(ThreadFactoryImpl.java:55)
	at java.lang.Thread.run(Thread.java:748)
</pre>
</span>
</div>
</div>
<div id="tab1" class="tab">
<h2>Tests</h2>
<table>
<thead>
<tr>
<th>Test</th>
<th>Duration</th>
<th>Result</th>
</tr>
</thead>
<tr>
<td class="failures">commonConfirmOrder</td>
<td>0.034s</td>
<td class="failures">failed</td>
</tr>
<tr>
<td class="success">hasUnconfirmedOrder</td>
<td>0.111s</td>
<td class="success">passed</td>
</tr>
<tr>
<td class="failures">noOrderTest</td>
<td>0.007s</td>
<td class="failures">failed</td>
</tr>
<tr>
<td class="failures">originSaveAndDelete</td>
<td>0.262s</td>
<td class="failures">failed</td>
</tr>
</table>
</div>
<div id="tab2" class="tab">
<h2>Standard output</h2>
<span class="code">
<pre>21:10:02.677 [Test worker] DEBUG org.springframework.test.context.junit4.SpringJUnit4ClassRunner - SpringJUnit4ClassRunner constructor called with [class cn.s_c.data.order.OrderDataServiceImplTest]
21:10:02.686 [Test worker] DEBUG org.springframework.test.context.BootstrapUtils - Instantiating CacheAwareContextLoaderDelegate from class [org.springframework.test.context.cache.DefaultCacheAwareContextLoaderDelegate]
21:10:02.693 [Test worker] DEBUG org.springframework.test.context.BootstrapUtils - Instantiating BootstrapContext using constructor [public org.springframework.test.context.support.DefaultBootstrapContext(java.lang.Class,org.springframework.test.context.CacheAwareContextLoaderDelegate)]
21:10:02.708 [Test worker] DEBUG org.springframework.test.context.BootstrapUtils - Instantiating TestContextBootstrapper for test class [cn.s_c.data.order.OrderDataServiceImplTest] from class [org.springframework.boot.test.context.SpringBootTestContextBootstrapper]
21:10:02.719 [Test worker] INFO org.springframework.boot.test.context.SpringBootTestContextBootstrapper - Neither @ContextConfiguration nor @ContextHierarchy found for test class [cn.s_c.data.order.OrderDataServiceImplTest], using SpringBootContextLoader
21:10:02.723 [Test worker] DEBUG org.springframework.test.context.support.AbstractContextLoader - Did not detect default resource location for test class [cn.s_c.data.order.OrderDataServiceImplTest]: class path resource [cn/s_c/data/order/OrderDataServiceImplTest-context.xml] does not exist
21:10:02.723 [Test worker] DEBUG org.springframework.test.context.support.AbstractContextLoader - Did not detect default resource location for test class [cn.s_c.data.order.OrderDataServiceImplTest]: class path resource [cn/s_c/data/order/OrderDataServiceImplTestContext.groovy] does not exist
21:10:02.724 [Test worker] INFO org.springframework.test.context.support.AbstractContextLoader - Could not detect default resource locations for test class [cn.s_c.data.order.OrderDataServiceImplTest]: no resource found for suffixes {-context.xml, Context.groovy}.
21:10:02.726 [Test worker] INFO org.springframework.test.context.support.AnnotationConfigContextLoaderUtils - Could not detect default configuration classes for test class [cn.s_c.data.order.OrderDataServiceImplTest]: OrderDataServiceImplTest does not declare any static, non-private, non-final, nested classes annotated with @Configuration.
21:10:02.761 [Test worker] DEBUG org.springframework.test.context.support.ActiveProfilesUtils - Could not find an 'annotation declaring class' for annotation type [org.springframework.test.context.ActiveProfiles] and class [cn.s_c.data.order.OrderDataServiceImplTest]
21:10:02.802 [Test worker] DEBUG org.springframework.core.env.StandardEnvironment - Adding [systemProperties] PropertySource with lowest search precedence
21:10:02.805 [Test worker] DEBUG org.springframework.core.env.StandardEnvironment - Adding [systemEnvironment] PropertySource with lowest search precedence
21:10:02.806 [Test worker] DEBUG org.springframework.core.env.StandardEnvironment - Initialized StandardEnvironment with PropertySources [systemProperties,systemEnvironment]
21:10:02.815 [Test worker] DEBUG org.springframework.core.io.support.PathMatchingResourcePatternResolver - Resolved classpath location [cn/s_c/data/order/] to resources [URL [file:/Users/apple/Documents/workspace/wechat/S&amp;C/backend/merged/build/classes/java/test/cn/s_c/data/order/], URL [file:/Users/apple/Documents/workspace/wechat/S&amp;C/backend/merged/build/classes/java/main/cn/s_c/data/order/]]
21:10:02.816 [Test worker] DEBUG org.springframework.core.io.support.PathMatchingResourcePatternResolver - Looking for matching resources in directory tree [/Users/apple/Documents/workspace/wechat/S&amp;C/backend/merged/build/classes/java/test/cn/s_c/data/order]
21:10:02.816 [Test worker] DEBUG org.springframework.core.io.support.PathMatchingResourcePatternResolver - Searching directory [/Users/apple/Documents/workspace/wechat/S&amp;C/backend/merged/build/classes/java/test/cn/s_c/data/order] for files matching pattern [/Users/apple/Documents/workspace/wechat/S&amp;C/backend/merged/build/classes/java/test/cn/s_c/data/order/*.class]
21:10:02.820 [Test worker] DEBUG org.springframework.core.io.support.PathMatchingResourcePatternResolver - Looking for matching resources in directory tree [/Users/apple/Documents/workspace/wechat/S&amp;C/backend/merged/build/classes/java/main/cn/s_c/data/order]
21:10:02.820 [Test worker] DEBUG org.springframework.core.io.support.PathMatchingResourcePatternResolver - Searching directory [/Users/apple/Documents/workspace/wechat/S&amp;C/backend/merged/build/classes/java/main/cn/s_c/data/order] for files matching pattern [/Users/apple/Documents/workspace/wechat/S&amp;C/backend/merged/build/classes/java/main/cn/s_c/data/order/*.class]
21:10:02.821 [Test worker] DEBUG org.springframework.core.io.support.PathMatchingResourcePatternResolver - Resolved location pattern [classpath*:cn/s_c/data/order/*.class] to resources [file [/Users/apple/Documents/workspace/wechat/S&amp;C/backend/merged/build/classes/java/test/cn/s_c/data/order/OrderDataServiceImplTest.class], file [/Users/apple/Documents/workspace/wechat/S&amp;C/backend/merged/build/classes/java/main/cn/s_c/data/order/OrderDataServiceImpl.class]]
21:10:02.845 [Test worker] DEBUG org.springframework.core.io.support.PathMatchingResourcePatternResolver - Resolved classpath location [cn/s_c/data/] to resources [URL [file:/Users/apple/Documents/workspace/wechat/S&amp;C/backend/merged/build/classes/java/test/cn/s_c/data/], URL [file:/Users/apple/Documents/workspace/wechat/S&amp;C/backend/merged/build/classes/java/main/cn/s_c/data/]]
21:10:02.845 [Test worker] DEBUG org.springframework.core.io.support.PathMatchingResourcePatternResolver - Looking for matching resources in directory tree [/Users/apple/Documents/workspace/wechat/S&amp;C/backend/merged/build/classes/java/test/cn/s_c/data]
21:10:02.846 [Test worker] DEBUG org.springframework.core.io.support.PathMatchingResourcePatternResolver - Searching directory [/Users/apple/Documents/workspace/wechat/S&amp;C/backend/merged/build/classes/java/test/cn/s_c/data] for files matching pattern [/Users/apple/Documents/workspace/wechat/S&amp;C/backend/merged/build/classes/java/test/cn/s_c/data/*.class]
21:10:02.847 [Test worker] DEBUG org.springframework.core.io.support.PathMatchingResourcePatternResolver - Looking for matching resources in directory tree [/Users/apple/Documents/workspace/wechat/S&amp;C/backend/merged/build/classes/java/main/cn/s_c/data]
21:10:02.847 [Test worker] DEBUG org.springframework.core.io.support.PathMatchingResourcePatternResolver - Searching directory [/Users/apple/Documents/workspace/wechat/S&amp;C/backend/merged/build/classes/java/main/cn/s_c/data] for files matching pattern [/Users/apple/Documents/workspace/wechat/S&amp;C/backend/merged/build/classes/java/main/cn/s_c/data/*.class]
21:10:02.848 [Test worker] DEBUG org.springframework.core.io.support.PathMatchingResourcePatternResolver - Resolved location pattern [classpath*:cn/s_c/data/*.class] to resources []
21:10:02.849 [Test worker] DEBUG org.springframework.core.io.support.PathMatchingResourcePatternResolver - Resolved classpath location [cn/s_c/] to resources [URL [file:/Users/apple/Documents/workspace/wechat/S&amp;C/backend/merged/build/classes/java/test/cn/s_c/], URL [file:/Users/apple/Documents/workspace/wechat/S&amp;C/backend/merged/build/classes/java/main/cn/s_c/]]
21:10:02.849 [Test worker] DEBUG org.springframework.core.io.support.PathMatchingResourcePatternResolver - Looking for matching resources in directory tree [/Users/apple/Documents/workspace/wechat/S&amp;C/backend/merged/build/classes/java/test/cn/s_c]
21:10:02.849 [Test worker] DEBUG org.springframework.core.io.support.PathMatchingResourcePatternResolver - Searching directory [/Users/apple/Documents/workspace/wechat/S&amp;C/backend/merged/build/classes/java/test/cn/s_c] for files matching pattern [/Users/apple/Documents/workspace/wechat/S&amp;C/backend/merged/build/classes/java/test/cn/s_c/*.class]
21:10:02.850 [Test worker] DEBUG org.springframework.core.io.support.PathMatchingResourcePatternResolver - Looking for matching resources in directory tree [/Users/apple/Documents/workspace/wechat/S&amp;C/backend/merged/build/classes/java/main/cn/s_c]
21:10:02.850 [Test worker] DEBUG org.springframework.core.io.support.PathMatchingResourcePatternResolver - Searching directory [/Users/apple/Documents/workspace/wechat/S&amp;C/backend/merged/build/classes/java/main/cn/s_c] for files matching pattern [/Users/apple/Documents/workspace/wechat/S&amp;C/backend/merged/build/classes/java/main/cn/s_c/*.class]
21:10:02.851 [Test worker] DEBUG org.springframework.core.io.support.PathMatchingResourcePatternResolver - Resolved location pattern [classpath*:cn/s_c/*.class] to resources [file [/Users/apple/Documents/workspace/wechat/S&amp;C/backend/merged/build/classes/java/main/cn/s_c/MainApplication$1.class], file [/Users/apple/Documents/workspace/wechat/S&amp;C/backend/merged/build/classes/java/main/cn/s_c/MainApplication.class]]
21:10:02.894 [Test worker] DEBUG org.springframework.context.annotation.ClassPathScanningCandidateComponentProvider - Identified candidate component class: file [/Users/apple/Documents/workspace/wechat/S&amp;C/backend/merged/build/classes/java/main/cn/s_c/MainApplication.class]
21:10:02.895 [Test worker] INFO org.springframework.boot.test.context.SpringBootTestContextBootstrapper - Found @SpringBootConfiguration cn.s_c.MainApplication for test class cn.s_c.data.order.OrderDataServiceImplTest
21:10:02.900 [Test worker] DEBUG org.springframework.boot.test.context.SpringBootTestContextBootstrapper - @TestExecutionListeners is not present for class [cn.s_c.data.order.OrderDataServiceImplTest]: using defaults.
21:10:02.909 [Test worker] INFO org.springframework.boot.test.context.SpringBootTestContextBootstrapper - Loaded default TestExecutionListener class names from location [META-INF/spring.factories]: [org.springframework.boot.test.autoconfigure.restdocs.RestDocsTestExecutionListener, org.springframework.boot.test.autoconfigure.web.client.MockRestServiceServerResetTestExecutionListener, org.springframework.boot.test.autoconfigure.web.servlet.MockMvcPrintOnlyOnFailureTestExecutionListener, org.springframework.boot.test.autoconfigure.web.servlet.WebDriverTestExecutionListener, org.springframework.boot.test.mock.mockito.MockitoTestExecutionListener, org.springframework.boot.test.mock.mockito.ResetMocksTestExecutionListener, org.springframework.test.context.web.ServletTestExecutionListener, org.springframework.test.context.support.DirtiesContextBeforeModesTestExecutionListener, org.springframework.test.context.support.DependencyInjectionTestExecutionListener, org.springframework.test.context.support.DirtiesContextTestExecutionListener, org.springframework.test.context.transaction.TransactionalTestExecutionListener, org.springframework.test.context.jdbc.SqlScriptsTestExecutionListener]
21:10:02.941 [Test worker] INFO org.springframework.boot.test.context.SpringBootTestContextBootstrapper - Using TestExecutionListeners: [org.springframework.test.context.web.ServletTestExecutionListener@3d1082e0, org.springframework.test.context.support.DirtiesContextBeforeModesTestExecutionListener@28111fdc, org.springframework.boot.test.autoconfigure.SpringBootDependencyInjectionTestExecutionListener@7c3052c4, org.springframework.test.context.support.DirtiesContextTestExecutionListener@2e72d201, org.springframework.test.context.transaction.TransactionalTestExecutionListener@174c42ad, org.springframework.test.context.jdbc.SqlScriptsTestExecutionListener@37834067, org.springframework.boot.test.autoconfigure.restdocs.RestDocsTestExecutionListener@495b8221, org.springframework.boot.test.autoconfigure.web.client.MockRestServiceServerResetTestExecutionListener@7181a3d1, org.springframework.boot.test.autoconfigure.web.servlet.MockMvcPrintOnlyOnFailureTestExecutionListener@42dce66, org.springframework.boot.test.autoconfigure.web.servlet.WebDriverTestExecutionListener@290036fc, org.springframework.boot.test.mock.mockito.MockitoTestExecutionListener@3c5fe377, org.springframework.boot.test.mock.mockito.ResetMocksTestExecutionListener@403c4006]
21:10:02.944 [Test worker] DEBUG org.springframework.test.annotation.ProfileValueUtils - Retrieved @ProfileValueSourceConfiguration [null] for test class [cn.s_c.data.order.OrderDataServiceImplTest]
21:10:02.944 [Test worker] DEBUG org.springframework.test.annotation.ProfileValueUtils - Retrieved ProfileValueSource type [class org.springframework.test.annotation.SystemProfileValueSource] for class [cn.s_c.data.order.OrderDataServiceImplTest]
21:10:02.945 [Test worker] DEBUG org.springframework.test.annotation.ProfileValueUtils - Retrieved @ProfileValueSourceConfiguration [null] for test class [cn.s_c.data.order.OrderDataServiceImplTest]
21:10:02.945 [Test worker] DEBUG org.springframework.test.annotation.ProfileValueUtils - Retrieved ProfileValueSource type [class org.springframework.test.annotation.SystemProfileValueSource] for class [cn.s_c.data.order.OrderDataServiceImplTest]
21:10:02.950 [Test worker] DEBUG org.springframework.test.context.support.AbstractDirtiesContextTestExecutionListener - Before test class: context [DefaultTestContext@72a3d433 testClass = OrderDataServiceImplTest, testInstance = [null], testMethod = [null], testException = [null], mergedContextConfiguration = [WebMergedContextConfiguration@31ad1db7 testClass = OrderDataServiceImplTest, locations = '{}', classes = '{class cn.s_c.MainApplication}', contextInitializerClasses = '[]', activeProfiles = '{}', propertySourceLocations = '{}', propertySourceProperties = '{org.springframework.boot.test.context.SpringBootTestContextBootstrapper=true}', contextCustomizers = set[org.springframework.boot.test.autoconfigure.properties.PropertyMappingContextCustomizer@0, org.springframework.boot.test.autoconfigure.web.servlet.WebDriverContextCustomizerFactory$Customizer@1897c960, org.springframework.boot.test.context.SpringBootTestContextCustomizer@2f60b3a1, org.springframework.boot.test.context.filter.ExcludeFilterContextCustomizer@2dd74fd1, org.springframework.boot.test.mock.mockito.MockitoContextCustomizer@0], resourceBasePath = 'src/main/webapp', contextLoader = 'org.springframework.boot.test.context.SpringBootContextLoader', parent = [null]]], class annotated with @DirtiesContext [false] with mode [null].
21:10:02.951 [Test worker] DEBUG org.springframework.test.annotation.ProfileValueUtils - Retrieved @ProfileValueSourceConfiguration [null] for test class [cn.s_c.data.order.OrderDataServiceImplTest]
21:10:02.951 [Test worker] DEBUG org.springframework.test.annotation.ProfileValueUtils - Retrieved ProfileValueSource type [class org.springframework.test.annotation.SystemProfileValueSource] for class [cn.s_c.data.order.OrderDataServiceImplTest]
21:10:02.981 [Test worker] DEBUG org.springframework.core.env.StandardEnvironment - Adding [systemProperties] PropertySource with lowest search precedence
21:10:02.982 [Test worker] DEBUG org.springframework.core.env.StandardEnvironment - Adding [systemEnvironment] PropertySource with lowest search precedence
21:10:02.982 [Test worker] DEBUG org.springframework.core.env.StandardEnvironment - Initialized StandardEnvironment with PropertySources [systemProperties,systemEnvironment]
21:10:02.983 [Test worker] DEBUG org.springframework.test.context.support.TestPropertySourceUtils - Adding inlined properties to environment: {spring.jmx.enabled=false, org.springframework.boot.test.context.SpringBootTestContextBootstrapper=true, server.port=-1}
21:10:02.984 [Test worker] DEBUG org.springframework.core.env.StandardEnvironment - Adding [Inlined Test Properties] PropertySource with highest search precedence

  .   ____          _            __ _ _
 /\\ / ___'_ __ _ _(_)_ __  __ _ \ \ \ \
( ( )\___ | '_ | '_| | '_ \/ _` | \ \ \ \
 \\/  ___)| |_)| | | | | || (_| |  ) ) ) )
  '  |____| .__|_| |_|_| |_\__, | / / / /
 =========|_|==============|___/=/_/_/_/
 :: Spring Boot ::        (v1.4.2.RELEASE)

2018-03-26 21:10:03.607  INFO 7761 --- [    Test worker] c.s.data.order.OrderDataServiceImplTest  : Starting OrderDataServiceImplTest on surevilMacBook.local with PID 7761 (started by surevil in /Users/apple/Documents/workspace/wechat/S&amp;C/backend/merged)
2018-03-26 21:10:03.608  INFO 7761 --- [    Test worker] c.s.data.order.OrderDataServiceImplTest  : No active profile set, falling back to default profiles: default
2018-03-26 21:10:03.660  INFO 7761 --- [    Test worker] o.s.w.c.s.GenericWebApplicationContext   : Refreshing org.springframework.web.context.support.GenericWebApplicationContext@28286195: startup date [Mon Mar 26 21:10:03 CST 2018]; root of context hierarchy
2018-03-26 21:10:05.312  INFO 7761 --- [    Test worker] trationDelegate$BeanPostProcessorChecker : Bean 'org.springframework.transaction.annotation.ProxyTransactionManagementConfiguration' of type [class org.springframework.transaction.annotation.ProxyTransactionManagementConfiguration$$EnhancerBySpringCGLIB$$444b8e26] is not eligible for getting processed by all BeanPostProcessors (for example: not eligible for auto-proxying)
2018-03-26 21:10:05.781  INFO 7761 --- [    Test worker] j.LocalContainerEntityManagerFactoryBean : Building JPA container EntityManagerFactory for persistence unit 'default'
2018-03-26 21:10:05.806  INFO 7761 --- [    Test worker] o.hibernate.jpa.internal.util.LogHelper  : HHH000204: Processing PersistenceUnitInfo [
	name: default
	...]
2018-03-26 21:10:05.896  INFO 7761 --- [    Test worker] org.hibernate.Version                    : HHH000412: Hibernate Core {5.0.11.Final}
2018-03-26 21:10:05.898  INFO 7761 --- [    Test worker] org.hibernate.cfg.Environment            : HHH000206: hibernate.properties not found
2018-03-26 21:10:05.899  INFO 7761 --- [    Test worker] org.hibernate.cfg.Environment            : HHH000021: Bytecode provider name : javassist
2018-03-26 21:10:05.962  INFO 7761 --- [    Test worker] o.hibernate.annotations.common.Version   : HCANN000001: Hibernate Commons Annotations {5.0.1.Final}
2018-03-26 21:10:06.613  INFO 7761 --- [    Test worker] org.hibernate.dialect.Dialect            : HHH000400: Using dialect: org.hibernate.dialect.MySQLDialect
2018-03-26 21:10:07.270  INFO 7761 --- [    Test worker] org.hibernate.tool.hbm2ddl.SchemaUpdate  : HHH000228: Running hbm2ddl schema update
2018-03-26 21:10:07.503  INFO 7761 --- [    Test worker] j.LocalContainerEntityManagerFactoryBean : Initialized JPA EntityManagerFactory for persistence unit 'default'
2018-03-26 21:10:08.640  INFO 7761 --- [    Test worker] s.w.s.m.m.a.RequestMappingHandlerAdapter : Looking for @ControllerAdvice: org.springframework.web.context.support.GenericWebApplicationContext@28286195: startup date [Mon Mar 26 21:10:03 CST 2018]; root of context hierarchy
2018-03-26 21:10:08.722  INFO 7761 --- [    Test worker] s.w.s.m.m.a.RequestMappingHandlerMapping : Mapped &quot;{[/getFoodListByRestaurant],methods=[POST],produces=[application/json]}&quot; onto public cn.s_c.vo.food.FoodReturnVo[] cn.s_c.springcontroller.food.FoodConrtroller.getFoodListByRestaurant(int)
2018-03-26 21:10:08.723  INFO 7761 --- [    Test worker] s.w.s.m.m.a.RequestMappingHandlerMapping : Mapped &quot;{[/publishFoods],methods=[POST],produces=[application/json]}&quot; onto public cn.s_c.vo.ResultMessage cn.s_c.springcontroller.food.FoodConrtroller.publishFoods(int[],double,int,int)
2018-03-26 21:10:08.724  INFO 7761 --- [    Test worker] s.w.s.m.m.a.RequestMappingHandlerMapping : Mapped &quot;{[/shelfOffFoods],methods=[POST],produces=[application/json]}&quot; onto public cn.s_c.vo.ResultMessage cn.s_c.springcontroller.food.FoodConrtroller.shelfOffFoods(java.lang.String)
2018-03-26 21:10:08.725  INFO 7761 --- [    Test worker] s.w.s.m.m.a.RequestMappingHandlerMapping : Mapped &quot;{[/uploadImage],methods=[POST],produces=[application/json]}&quot; onto public java.lang.String cn.s_c.springcontroller.food.SupplierFoodController.uploadImage(org.springframework.web.multipart.MultipartFile)
2018-03-26 21:10:08.726  INFO 7761 --- [    Test worker] s.w.s.m.m.a.RequestMappingHandlerMapping : Mapped &quot;{[/saveSupplierFood],methods=[POST],produces=[application/json]}&quot; onto public cn.s_c.vo.ResultMessage cn.s_c.springcontroller.food.SupplierFoodController.saveSupplierFood(java.lang.String,double,java.lang.String,boolean,java.lang.String[],java.lang.String)
2018-03-26 21:10:08.726  INFO 7761 --- [    Test worker] s.w.s.m.m.a.RequestMappingHandlerMapping : Mapped &quot;{[/getSupplierFoodBySupplierUsername],methods=[POST],produces=[application/json]}&quot; onto public cn.s_c.vo.food.SupplierFoodReturnVo[] cn.s_c.springcontroller.food.SupplierFoodController.getSupplierFoodBySupplierUsername(java.lang.String)
2018-03-26 21:10:08.727  INFO 7761 --- [    Test worker] s.w.s.m.m.a.RequestMappingHandlerMapping : Mapped &quot;{[/deleteSupplierFood],methods=[POST],produces=[application/json]}&quot; onto public cn.s_c.vo.ResultMessage cn.s_c.springcontroller.food.SupplierFoodController.deleteSupplierFood(int)
2018-03-26 21:10:08.729  INFO 7761 --- [    Test worker] s.w.s.m.m.a.RequestMappingHandlerMapping : Mapped &quot;{[/loadSupplierFoodById],methods=[POST],produces=[application/json]}&quot; onto public cn.s_c.vo.food.SupplierFoodEditableReturnVo cn.s_c.springcontroller.food.SupplierFoodController.loadSupplierFoodById(int)
2018-03-26 21:10:08.730  INFO 7761 --- [    Test worker] s.w.s.m.m.a.RequestMappingHandlerMapping : Mapped &quot;{[/updateSupplierFood],methods=[POST],produces=[application/json]}&quot; onto public cn.s_c.vo.ResultMessage cn.s_c.springcontroller.food.SupplierFoodController.updateSupplierFood(int,java.lang.String,double,java.lang.String,boolean,java.lang.String[],java.lang.String)
2018-03-26 21:10:08.734  INFO 7761 --- [    Test worker] s.w.s.m.m.a.RequestMappingHandlerMapping : Mapped &quot;{[/getOrders],methods=[POST],produces=[application/json]}&quot; onto public cn.s_c.vo.order.OrderListResponse[] cn.s_c.springcontroller.order.OrderController.getOrders(java.lang.String,int,int,int,int)
2018-03-26 21:10:08.735  INFO 7761 --- [    Test worker] s.w.s.m.m.a.RequestMappingHandlerMapping : Mapped &quot;{[/hasUnconfirmedOrder],methods=[POST],produces=[application/json]}&quot; onto public boolean cn.s_c.springcontroller.order.OrderController.hasUnconfirmedOrder(java.lang.String)
2018-03-26 21:10:08.736  INFO 7761 --- [    Test worker] s.w.s.m.m.a.RequestMappingHandlerMapping : Mapped &quot;{[/saveOrder],methods=[POST],produces=[application/json]}&quot; onto public cn.s_c.vo.ResultMessage cn.s_c.springcontroller.order.OrderController.saveOrder(cn.s_c.vo.order.OrderSaveVo)
2018-03-26 21:10:08.737  INFO 7761 --- [    Test worker] s.w.s.m.m.a.RequestMappingHandlerMapping : Mapped &quot;{[/getOrderByUser],methods=[POST],produces=[application/json]}&quot; onto public cn.s_c.vo.order.OrderReturnVo[] cn.s_c.springcontroller.order.OrderController.getOrderByUser(java.lang.String)
2018-03-26 21:10:08.737  INFO 7761 --- [    Test worker] s.w.s.m.m.a.RequestMappingHandlerMapping : Mapped &quot;{[/deleteOrder],methods=[POST],produces=[application/json]}&quot; onto public cn.s_c.vo.ResultMessage cn.s_c.springcontroller.order.OrderController.deleteOrder(int)
2018-03-26 21:10:08.737  INFO 7761 --- [    Test worker] s.w.s.m.m.a.RequestMappingHandlerMapping : Mapped &quot;{[/confirmOrder],methods=[POST],produces=[application/json]}&quot; onto public cn.s_c.vo.ResultMessage cn.s_c.springcontroller.order.OrderController.confirmOrder(int)
2018-03-26 21:10:08.740  INFO 7761 --- [    Test worker] s.w.s.m.m.a.RequestMappingHandlerMapping : Mapped &quot;{[/getRestaurantNameAndIdList],methods=[GET],produces=[application/json]}&quot; onto public cn.s_c.vo.restaurant.RestaurantReturnVo[] cn.s_c.springcontroller.restaurant.RestaurantController.getRestaurantNameAndIdList()
2018-03-26 21:10:08.740  INFO 7761 --- [    Test worker] s.w.s.m.m.a.RequestMappingHandlerMapping : Mapped &quot;{[/saveRestaurant],methods=[GET],produces=[application/json]}&quot; onto public cn.s_c.vo.ResultMessage cn.s_c.springcontroller.restaurant.RestaurantController.saveRestaurant(java.lang.String,java.lang.String)
2018-03-26 21:10:08.741  INFO 7761 --- [    Test worker] s.w.s.m.m.a.RequestMappingHandlerMapping : Mapped &quot;{[/loadRestaurant],methods=[GET],produces=[application/json]}&quot; onto public cn.s_c.vo.restaurant.RestaurantReturnVo[] cn.s_c.springcontroller.restaurant.RestaurantController.loadRestaurant()
2018-03-26 21:10:08.742  INFO 7761 --- [    Test worker] s.w.s.m.m.a.RequestMappingHandlerMapping : Mapped &quot;{[/signUp],methods=[GET],produces=[application/json]}&quot; onto public cn.s_c.vo.ResultMessage cn.s_c.springcontroller.supplier.SupplierController.signUp(java.lang.String,java.lang.String,java.lang.String,int)
2018-03-26 21:10:08.742  INFO 7761 --- [    Test worker] s.w.s.m.m.a.RequestMappingHandlerMapping : Mapped &quot;{[/login],methods=[POST],produces=[application/json]}&quot; onto public cn.s_c.vo.ResultMessage cn.s_c.springcontroller.supplier.SupplierController.login(java.lang.String,java.lang.String)
2018-03-26 21:10:08.743  INFO 7761 --- [    Test worker] s.w.s.m.m.a.RequestMappingHandlerMapping : Mapped &quot;{[/authen],methods=[POST],produces=[application/json]}&quot; onto public cn.s_c.vo.ResultMessage cn.s_c.springcontroller.user.UserController.authen(java.lang.String,java.lang.String)
2018-03-26 21:10:08.743  INFO 7761 --- [    Test worker] s.w.s.m.m.a.RequestMappingHandlerMapping : Mapped &quot;{[/confirmState],methods=[POST],produces=[application/json]}&quot; onto public cn.s_c.vo.user.UserConfirmVo cn.s_c.springcontroller.user.UserController.confirmState(java.lang.String)
2018-03-26 21:10:08.745  INFO 7761 --- [    Test worker] s.w.s.m.m.a.RequestMappingHandlerMapping : Mapped &quot;{[/error]}&quot; onto public org.springframework.http.ResponseEntity&lt;java.util.Map&lt;java.lang.String, java.lang.Object&gt;&gt; org.springframework.boot.autoconfigure.web.BasicErrorController.error(javax.servlet.http.HttpServletRequest)
2018-03-26 21:10:08.745  INFO 7761 --- [    Test worker] s.w.s.m.m.a.RequestMappingHandlerMapping : Mapped &quot;{[/error],produces=[text/html]}&quot; onto public org.springframework.web.servlet.ModelAndView org.springframework.boot.autoconfigure.web.BasicErrorController.errorHtml(javax.servlet.http.HttpServletRequest,javax.servlet.http.HttpServletResponse)
2018-03-26 21:10:08.775  INFO 7761 --- [    Test worker] o.s.w.s.handler.SimpleUrlHandlerMapping  : Mapped URL path [/webjars/**] onto handler of type [class org.springframework.web.servlet.resource.ResourceHttpRequestHandler]
2018-03-26 21:10:08.775  INFO 7761 --- [    Test worker] o.s.w.s.handler.SimpleUrlHandlerMapping  : Mapped URL path [/**] onto handler of type [class org.springframework.web.servlet.resource.ResourceHttpRequestHandler]
2018-03-26 21:10:08.820  INFO 7761 --- [    Test worker] o.s.w.s.handler.SimpleUrlHandlerMapping  : Mapped URL path [/**/favicon.ico] onto handler of type [class org.springframework.web.servlet.resource.ResourceHttpRequestHandler]
2018-03-26 21:10:08.849  INFO 7761 --- [    Test worker] oConfiguration$WelcomePageHandlerMapping : Adding welcome page: ServletContext resource [/index.html]
2018-03-26 21:10:09.094  INFO 7761 --- [    Test worker] c.s.data.order.OrderDataServiceImplTest  : Started OrderDataServiceImplTest in 6.099 seconds (JVM running for 7.451)
2018-03-26 21:10:09.140  INFO 7761 --- [    Test worker] o.s.t.c.transaction.TransactionContext   : Began transaction (1) for test context [DefaultTestContext@72a3d433 testClass = OrderDataServiceImplTest, testInstance = cn.s_c.data.order.OrderDataServiceImplTest@3f2ee895, testMethod = originSaveAndDelete@OrderDataServiceImplTest, testException = [null], mergedContextConfiguration = [WebMergedContextConfiguration@31ad1db7 testClass = OrderDataServiceImplTest, locations = '{}', classes = '{class cn.s_c.MainApplication}', contextInitializerClasses = '[]', activeProfiles = '{}', propertySourceLocations = '{}', propertySourceProperties = '{org.springframework.boot.test.context.SpringBootTestContextBootstrapper=true}', contextCustomizers = set[org.springframework.boot.test.autoconfigure.properties.PropertyMappingContextCustomizer@0, org.springframework.boot.test.autoconfigure.web.servlet.WebDriverContextCustomizerFactory$Customizer@1897c960, org.springframework.boot.test.context.SpringBootTestContextCustomizer@2f60b3a1, org.springframework.boot.test.context.filter.ExcludeFilterContextCustomizer@2dd74fd1, org.springframework.boot.test.mock.mockito.MockitoContextCustomizer@0], resourceBasePath = 'src/main/webapp', contextLoader = 'org.springframework.boot.test.context.SpringBootContextLoader', parent = [null]]]; transaction manager [org.springframework.orm.jpa.JpaTransactionManager@17d0d420]; rollback [false]
Hibernate: insert into bill (comment, commodity_total, is_confirmed, pick_hour, pick_minute, service_total, wechat_id) values (?, ?, ?, ?, ?, ?, ?)
2018-03-26 21:10:09.233  INFO 7761 --- [    Test worker] o.h.h.i.QueryTranslatorFactoryInitiator  : HHH000397: Using ASTQueryTranslatorFactory
Hibernate: select order0_.id as id1_0_, order0_.comment as comment2_0_, order0_.commodity_total as commodit3_0_, order0_.is_confirmed as is_confi4_0_, order0_.pick_hour as pick_hou5_0_, order0_.pick_minute as pick_min6_0_, order0_.service_total as service_7_0_, order0_.wechat_id as wechat_i8_0_ from bill order0_ where order0_.wechat_id=?
Hibernate: insert into food_order (order_id, food_order_id, id, name, num, position, price, restaurant_name) values (?, ?, ?, ?, ?, ?, ?, ?)
2018-03-26 21:10:09.392  INFO 7761 --- [    Test worker] o.s.t.c.transaction.TransactionContext   : Committed transaction for test context [DefaultTestContext@72a3d433 testClass = OrderDataServiceImplTest, testInstance = cn.s_c.data.order.OrderDataServiceImplTest@3f2ee895, testMethod = originSaveAndDelete@OrderDataServiceImplTest, testException = java.lang.IndexOutOfBoundsException: Index: 0, Size: 0, mergedContextConfiguration = [WebMergedContextConfiguration@31ad1db7 testClass = OrderDataServiceImplTest, locations = '{}', classes = '{class cn.s_c.MainApplication}', contextInitializerClasses = '[]', activeProfiles = '{}', propertySourceLocations = '{}', propertySourceProperties = '{org.springframework.boot.test.context.SpringBootTestContextBootstrapper=true}', contextCustomizers = set[org.springframework.boot.test.autoconfigure.properties.PropertyMappingContextCustomizer@0, org.springframework.boot.test.autoconfigure.web.servlet.WebDriverContextCustomizerFactory$Customizer@1897c960, org.springframework.boot.test.context.SpringBootTestContextCustomizer@2f60b3a1, org.springframework.boot.test.context.filter.ExcludeFilterContextCustomizer@2dd74fd1, org.springframework.boot.test.mock.mockito.MockitoContextCustomizer@0], resourceBasePath = 'src/main/webapp', contextLoader = 'org.springframework.boot.test.context.SpringBootContextLoader', parent = [null]]].
Hibernate: insert into bill (comment, commodity_total, is_confirmed, pick_hour, pick_minute, service_total, wechat_id) values (?, ?, ?, ?, ?, ?, ?)
Hibernate: insert into food_order (order_id, food_order_id, id, name, num, position, price, restaurant_name) values (?, ?, ?, ?, ?, ?, ?, ?)
Hibernate: select order0_.id as id1_0_, order0_.comment as comment2_0_, order0_.commodity_total as commodit3_0_, order0_.is_confirmed as is_confi4_0_, order0_.pick_hour as pick_hou5_0_, order0_.pick_minute as pick_min6_0_, order0_.service_total as service_7_0_, order0_.wechat_id as wechat_i8_0_ from bill order0_ where order0_.is_confirmed=?
Hibernate: select order0_.id as id1_0_, order0_.comment as comment2_0_, order0_.commodity_total as commodit3_0_, order0_.is_confirmed as is_confi4_0_, order0_.pick_hour as pick_hou5_0_, order0_.pick_minute as pick_min6_0_, order0_.service_total as service_7_0_, order0_.wechat_id as wechat_i8_0_ from bill order0_ where order0_.wechat_id=?
Hibernate: select order0_.id as id1_0_0_, order0_.comment as comment2_0_0_, order0_.commodity_total as commodit3_0_0_, order0_.is_confirmed as is_confi4_0_0_, order0_.pick_hour as pick_hou5_0_0_, order0_.pick_minute as pick_min6_0_0_, order0_.service_total as service_7_0_0_, order0_.wechat_id as wechat_i8_0_0_ from bill order0_ where order0_.id=?
Hibernate: delete from food_order where order_id=?
Hibernate: delete from bill where id=?
Hibernate: insert into bill (comment, commodity_total, is_confirmed, pick_hour, pick_minute, service_total, wechat_id) values (?, ?, ?, ?, ?, ?, ?)
Hibernate: insert into food_order (order_id, food_order_id, id, name, num, position, price, restaurant_name) values (?, ?, ?, ?, ?, ?, ?, ?)
Hibernate: select order0_.id as id1_0_, order0_.comment as comment2_0_, order0_.commodity_total as commodit3_0_, order0_.is_confirmed as is_confi4_0_, order0_.pick_hour as pick_hou5_0_, order0_.pick_minute as pick_min6_0_, order0_.service_total as service_7_0_, order0_.wechat_id as wechat_i8_0_ from bill order0_ where order0_.wechat_id=?
Hibernate: select order0_.id as id1_0_0_, order0_.comment as comment2_0_0_, order0_.commodity_total as commodit3_0_0_, order0_.is_confirmed as is_confi4_0_0_, order0_.pick_hour as pick_hou5_0_0_, order0_.pick_minute as pick_min6_0_0_, order0_.service_total as service_7_0_0_, order0_.wechat_id as wechat_i8_0_0_ from bill order0_ where order0_.id=?
Hibernate: select order0_.id as id1_0_0_, order0_.comment as comment2_0_0_, order0_.commodity_total as commodit3_0_0_, order0_.is_confirmed as is_confi4_0_0_, order0_.pick_hour as pick_hou5_0_0_, order0_.pick_minute as pick_min6_0_0_, order0_.service_total as service_7_0_0_, order0_.wechat_id as wechat_i8_0_0_ from bill order0_ where order0_.id=?
Hibernate: update bill set comment=?, commodity_total=?, is_confirmed=?, pick_hour=?, pick_minute=?, service_total=?, wechat_id=? where id=?
Hibernate: select order0_.id as id1_0_, order0_.comment as comment2_0_, order0_.commodity_total as commodit3_0_, order0_.is_confirmed as is_confi4_0_, order0_.pick_hour as pick_hou5_0_, order0_.pick_minute as pick_min6_0_, order0_.service_total as service_7_0_, order0_.wechat_id as wechat_i8_0_ from bill order0_ where order0_.is_confirmed=?
Hibernate: select order0_.id as id1_0_, order0_.comment as comment2_0_, order0_.commodity_total as commodit3_0_, order0_.is_confirmed as is_confi4_0_, order0_.pick_hour as pick_hou5_0_, order0_.pick_minute as pick_min6_0_, order0_.service_total as service_7_0_, order0_.wechat_id as wechat_i8_0_ from bill order0_ where order0_.is_confirmed=?
</pre>
</span>
</div>
</div>
<div id="footer">
<p>
<div>
<label class="hidden" id="label-for-line-wrapping-toggle" for="line-wrapping-toggle">Wrap lines
<input id="line-wrapping-toggle" type="checkbox" autocomplete="off"/>
</label>
</div>Generated by 
<a href="http://www.gradle.org">Gradle 4.0</a> at 2018-3-26 21:10:09</p>
</div>
</div>
</body>
</html>
